<?xml version="1.0" encoding="UTF-8"?>
<testng-results skipped="0" failed="1" ignored="0" total="5" passed="4">
  <reporter-output>
  </reporter-output>
  <suite name="Data Drivern FW" duration-ms="51380" started-at="2021-07-06T07:35:54Z" finished-at="2021-07-06T07:36:45Z">
    <groups>
      <group name="cucumber">
        <method signature="AbstractTestNGCucumberTests.runScenario(cucumber.api.testng.PickleEventWrapper, cucumber.api.testng.CucumberFeatureWrapper)[pri:0, instance:com.duke.testRunner.TestRunner@1593948d]" name="runScenario" class="cucumber.api.testng.AbstractTestNGCucumberTests"/>
        <method signature="AbstractTestNGCucumberTests.runScenario(cucumber.api.testng.PickleEventWrapper, cucumber.api.testng.CucumberFeatureWrapper)[pri:0, instance:com.duke.testRunner.TestRunnerParallelExecution@1b604f19]" name="runScenario" class="cucumber.api.testng.AbstractTestNGCucumberTests"/>
      </group> <!-- cucumber -->
    </groups>
    <test name="LoginTest" duration-ms="51380" started-at="2021-07-06T07:35:54Z" finished-at="2021-07-06T07:36:45Z">
      <class name="com.duke.testRunner.TestRunner">
        <test-method status="PASS" signature="beforeSuite()[pri:0, instance:com.duke.testRunner.TestRunner@1593948d]" name="beforeSuite" is-config="true" duration-ms="22" started-at="2021-07-06T07:35:54Z" finished-at="2021-07-06T07:35:54Z">
          <reporter-output>
          </reporter-output>
        </test-method> <!-- beforeSuite -->
        <test-method status="PASS" signature="setUpClass()[pri:0, instance:com.duke.testRunner.TestRunner@1593948d]" name="setUpClass" is-config="true" duration-ms="8" started-at="2021-07-06T07:36:18Z" finished-at="2021-07-06T07:36:18Z">
          <reporter-output>
          </reporter-output>
        </test-method> <!-- setUpClass -->
        <test-method status="PASS" signature="runScenario(cucumber.api.testng.PickleEventWrapper, cucumber.api.testng.CucumberFeatureWrapper)[pri:0, instance:com.duke.testRunner.TestRunner@1593948d]" name="runScenario" duration-ms="14785" started-at="2021-07-06T07:36:18Z" description="Runs Cucumber Scenarios" data-provider="scenarios" finished-at="2021-07-06T07:36:33Z">
          <params>
            <param index="0">
              <value>
                <![CDATA["Verify Account Overview"]]>
              </value>
            </param>
            <param index="1">
              <value>
                <![CDATA["Verify Account Overview"]]>
              </value>
            </param>
          </params>
          <reporter-output>
          </reporter-output>
        </test-method> <!-- runScenario -->
        <test-method status="FAIL" signature="runScenario(cucumber.api.testng.PickleEventWrapper, cucumber.api.testng.CucumberFeatureWrapper)[pri:0, instance:com.duke.testRunner.TestRunner@1593948d]" name="runScenario" duration-ms="12470" started-at="2021-07-06T07:36:33Z" description="Runs Cucumber Scenarios" data-provider="scenarios" finished-at="2021-07-06T07:36:45Z">
          <params>
            <param index="0">
              <value>
                <![CDATA["Verify user is able to logout sucessfully"]]>
              </value>
            </param>
            <param index="1">
              <value>
                <![CDATA["Verify Account Overview"]]>
              </value>
            </param>
          </params>
          <exception class="java.lang.AssertionError">
            <message>
              <![CDATA[Verify user successfully logged out. expected [false] but found [true]]]>
            </message>
            <full-stacktrace>
              <![CDATA[java.lang.AssertionError: Verify user successfully logged out. expected [false] but found [true]
at org.testng.Assert.fail(Assert.java:96)
at org.testng.Assert.failNotEquals(Assert.java:776)
at org.testng.Assert.assertFalse(Assert.java:65)
at com.duke.pages.AccountOverviewPage.VerifyLogOutSucessfull(AccountOverviewPage.java:44)
at com.duke.stepDefinations.AccountOverviewSteps.verify_user_is_able_to_logout_sucessfully(AccountOverviewSteps.java:40)
at âœ½.Verify user is able to logout sucessfully.(src\test\resources\features\VerifyAccountOverview.feature:22)
]]>
            </full-stacktrace>
          </exception> <!-- java.lang.AssertionError -->
          <reporter-output>
          </reporter-output>
        </test-method> <!-- runScenario -->
        <test-method status="PASS" signature="tearDownClass()[pri:0, instance:com.duke.testRunner.TestRunner@1593948d]" name="tearDownClass" is-config="true" duration-ms="187" started-at="2021-07-06T07:36:45Z" finished-at="2021-07-06T07:36:45Z">
          <reporter-output>
          </reporter-output>
        </test-method> <!-- tearDownClass -->
        <test-method status="PASS" signature="afterSuite()[pri:0, instance:com.duke.testRunner.TestRunner@1593948d]" name="afterSuite" is-config="true" duration-ms="1" started-at="2021-07-06T07:36:46Z" finished-at="2021-07-06T07:36:46Z">
          <reporter-output>
          </reporter-output>
        </test-method> <!-- afterSuite -->
      </class> <!-- com.duke.testRunner.TestRunner -->
      <class name="com.duke.testRunner.TestRunnerParallelExecution">
        <test-method status="PASS" signature="setUpClass()[pri:0, instance:com.duke.testRunner.TestRunnerParallelExecution@1b604f19]" name="setUpClass" is-config="true" duration-ms="389" started-at="2021-07-06T07:35:54Z" finished-at="2021-07-06T07:35:54Z">
          <reporter-output>
          </reporter-output>
        </test-method> <!-- setUpClass -->
        <test-method status="PASS" signature="runScenario(cucumber.api.testng.PickleEventWrapper, cucumber.api.testng.CucumberFeatureWrapper)[pri:0, instance:com.duke.testRunner.TestRunnerParallelExecution@1b604f19]" name="runScenario" duration-ms="23117" started-at="2021-07-06T07:35:55Z" description="Runs Cucumber Scenarios" data-provider="scenarios" finished-at="2021-07-06T07:36:18Z">
          <params>
            <param index="0">
              <value>
                <![CDATA["verify Login"]]>
              </value>
            </param>
            <param index="1">
              <value>
                <![CDATA["verify Login"]]>
              </value>
            </param>
          </params>
          <reporter-output>
          </reporter-output>
        </test-method> <!-- runScenario -->
        <test-method status="PASS" signature="runScenario(cucumber.api.testng.PickleEventWrapper, cucumber.api.testng.CucumberFeatureWrapper)[pri:0, instance:com.duke.testRunner.TestRunnerParallelExecution@1b604f19]" name="runScenario" duration-ms="23087" started-at="2021-07-06T07:35:55Z" description="Runs Cucumber Scenarios" data-provider="scenarios" finished-at="2021-07-06T07:36:18Z">
          <params>
            <param index="0">
              <value>
                <![CDATA["verify Login"]]>
              </value>
            </param>
            <param index="1">
              <value>
                <![CDATA["verify Login"]]>
              </value>
            </param>
          </params>
          <reporter-output>
          </reporter-output>
        </test-method> <!-- runScenario -->
        <test-method status="PASS" signature="runScenario(cucumber.api.testng.PickleEventWrapper, cucumber.api.testng.CucumberFeatureWrapper)[pri:0, instance:com.duke.testRunner.TestRunnerParallelExecution@1b604f19]" name="runScenario" duration-ms="23179" started-at="2021-07-06T07:35:55Z" description="Runs Cucumber Scenarios" data-provider="scenarios" finished-at="2021-07-06T07:36:18Z">
          <params>
            <param index="0">
              <value>
                <![CDATA["verify Login"]]>
              </value>
            </param>
            <param index="1">
              <value>
                <![CDATA["verify Login"]]>
              </value>
            </param>
          </params>
          <reporter-output>
          </reporter-output>
        </test-method> <!-- runScenario -->
        <test-method status="PASS" signature="tearDownClass()[pri:0, instance:com.duke.testRunner.TestRunnerParallelExecution@1b604f19]" name="tearDownClass" is-config="true" duration-ms="157" started-at="2021-07-06T07:36:18Z" finished-at="2021-07-06T07:36:18Z">
          <reporter-output>
          </reporter-output>
        </test-method> <!-- tearDownClass -->
      </class> <!-- com.duke.testRunner.TestRunnerParallelExecution -->
    </test> <!-- LoginTest -->
  </suite> <!-- Data Drivern FW -->
</testng-results>
